This is pdfTeX, Version 3.141592653-2.6-1.40.23 (MiKTeX 21.10) (preloaded format=pdflatex 2021.10.16)  11 DEC 2021 09:21
entering extended mode
**./PracaInzynierks.tex
(PracaInzynierks.tex
LaTeX2e <2021-06-01> patch level 1
L3 programming layer <2021-10-12> (mgr.cls
Document Class: mgr 2005/12/01 Non-Standard LaTeX document class
(C:\Users\kowal\AppData\Local\Programs\MiKTeX\tex/latex/base\bk12.clo
File: bk12.clo 2021/02/12 v1.4n Standard LaTeX file (size option)
)
\c@part=\count182
\c@chapter=\count183
\c@section=\count184
\c@subsection=\count185
\c@subsubsection=\count186
\c@paragraph=\count187
\c@subparagraph=\count188
\c@figure=\count189
\c@table=\count190
\abovecaptionskip=\skip47
\belowcaptionskip=\skip48
\bibindent=\dimen138
)
   defining Unicode char U+0301 (decimal 769)

(C:\Users\kowal\AppData\Local\Programs\MiKTeX\tex/latex/polski\polski.sty
Package: polski 2021/08/25 v1.3.6 Polish language package

   Switching to Polish text encoding and Polish maths fonts.
(C:\Users\kowal\AppData\Local\Programs\MiKTeX\tex/latex/base\ot4enc.def
File: ot4enc.def 2021/04/29 v2.0v Standard LaTeX file
Now handling font encoding OT4 ...
... no UTF-8 mapping file for font encoding OT4
)
LaTeX Font Info:    Trying to load font information for OT4+cmr on input line 3
62.

(C:\Users\kowal\AppData\Local\Programs\MiKTeX\tex/latex/polski\ot4cmr.fd
File: ot4cmr.fd 2008/02/24 v1.2.1 Font defs for fonts PL (MW)
)
LaTeX Font Info:    Overwriting math alphabet `\mathbf' in version `normal'
(Font)                  OT1/cmr/bx/n --> OT4/cmr/bx/n on input line 362.
LaTeX Font Info:    Overwriting math alphabet `\mathsf' in version `normal'
(Font)                  OT1/cmss/m/n --> OT4/cmss/m/n on input line 362.
LaTeX Font Info:    Overwriting math alphabet `\mathit' in version `normal'
(Font)                  OT1/cmr/m/it --> OT4/cmr/m/it on input line 362.
LaTeX Font Info:    Overwriting math alphabet `\mathtt' in version `normal'
(Font)                  OT1/cmtt/m/n --> OT4/cmtt/m/n on input line 362.
LaTeX Font Info:    Overwriting math alphabet `\mathsf' in version `bold'
(Font)                  OT1/cmss/bx/n --> OT4/cmss/bx/n on input line 362.
LaTeX Font Info:    Overwriting math alphabet `\mathit' in version `bold'
(Font)                  OT1/cmr/bx/it --> OT4/cmr/bx/it on input line 362.
LaTeX Font Info:    Encoding `OT1' has changed to `OT4' for symbol font
(Font)              `operators' in the math version `normal' on input line 362.

LaTeX Font Info:    Overwriting symbol font `operators' in version `normal'
(Font)                  OT1/cmr/m/n --> OT4/cmr/m/n on input line 362.
LaTeX Font Info:    Overwriting symbol font `letters' in version `normal'
(Font)                  OML/cmm/m/it --> OML/plm/m/it on input line 362.
LaTeX Font Info:    Overwriting symbol font `symbols' in version `normal'
(Font)                  OMS/cmsy/m/n --> OMS/plsy/m/n on input line 362.
LaTeX Font Info:    Overwriting symbol font `largesymbols' in version `normal'
(Font)                  OMX/cmex/m/n --> OMX/plex/m/n on input line 362.
LaTeX Font Info:    Encoding `OT1' has changed to `OT4' for symbol font
(Font)              `operators' in the math version `bold' on input line 362.
LaTeX Font Info:    Overwriting symbol font `operators' in version `bold'
(Font)                  OT1/cmr/bx/n --> OT4/cmr/bx/n on input line 362.
LaTeX Font Info:    Overwriting symbol font `letters' in version `bold'
(Font)                  OML/cmm/b/it --> OML/plm/b/it on input line 362.
LaTeX Font Info:    Overwriting symbol font `symbols' in version `bold'
(Font)                  OMS/cmsy/b/n --> OMS/plsy/b/n on input line 362.
)
(C:\Users\kowal\AppData\Local\Programs\MiKTeX\tex/latex/base\inputenc.sty
Package: inputenc 2021/02/14 v1.3d Input encoding file
\inpenc@prehook=\toks16
\inpenc@posthook=\toks17
)
(C:\Users\kowal\AppData\Local\Programs\MiKTeX\tex/latex/comment\comment.sty
\CommentStream=\write3

Excluding comment 'comment')
(C:\Users\kowal\AppData\Local\Programs\MiKTeX\tex/generic/babel\babel.sty
Package: babel 2021/10/13 3.64 The Babel package
\babel@savecnt=\count191
\U@D=\dimen139
\l@unhyphenated=\language79

(C:\Users\kowal\AppData\Local\Programs\MiKTeX\tex/generic/babel\txtbabel.def)
\bbl@readstream=\read2
\bbl@dirlevel=\count192

*************************************
* Local config file bblopts.cfg used
*
(C:\Users\kowal\AppData\Local\Programs\MiKTeX\tex/latex/arabi\bblopts.cfg
File: bblopts.cfg 2005/09/08 v0.1 add Arabic and Farsi to "declared" options of
 babel
)
Package babel Info: You haven't specified a language. I'll use 'nil'
(babel)             as the main language. Reported on input line 4275.

(C:\Users\kowal\AppData\Local\Programs\MiKTeX\tex/generic/babel\nil.ldf
Language: nil 2021/10/13 3.64 Nil language
\l@nil=\language80
))
(C:\Users\kowal\AppData\Local\Programs\MiKTeX\tex/latex/amsmath\amsmath.sty
Package: amsmath 2021/04/20 v2.17j AMS math features
\@mathmargin=\skip49

For additional information on amsmath, use the `?' option.
(C:\Users\kowal\AppData\Local\Programs\MiKTeX\tex/latex/amsmath\amstext.sty
Package: amstext 2000/06/29 v2.01 AMS text

(C:\Users\kowal\AppData\Local\Programs\MiKTeX\tex/latex/amsmath\amsgen.sty
File: amsgen.sty 1999/11/30 v2.0 generic functions
\@emptytoks=\toks18
\ex@=\dimen140
))
(C:\Users\kowal\AppData\Local\Programs\MiKTeX\tex/latex/amsmath\amsbsy.sty
Package: amsbsy 1999/11/29 v1.2d Bold Symbols
\pmbraise@=\dimen141
)
(C:\Users\kowal\AppData\Local\Programs\MiKTeX\tex/latex/amsmath\amsopn.sty
Package: amsopn 2016/03/08 v2.02 operator names
)
\inf@bad=\count193
LaTeX Info: Redefining \frac on input line 234.
\uproot@=\count194
\leftroot@=\count195
LaTeX Info: Redefining \overline on input line 399.
\classnum@=\count196
\DOTSCASE@=\count197
LaTeX Info: Redefining \ldots on input line 496.
LaTeX Info: Redefining \dots on input line 499.
LaTeX Info: Redefining \cdots on input line 620.
\Mathstrutbox@=\box50
\strutbox@=\box51
\big@size=\dimen142
LaTeX Font Info:    Redeclaring font encoding OML on input line 743.
LaTeX Font Info:    Redeclaring font encoding OMS on input line 744.
\macc@depth=\count198
\c@MaxMatrixCols=\count199
\dotsspace@=\muskip16
\c@parentequation=\count266
\dspbrk@lvl=\count267
\tag@help=\toks19
\row@=\count268
\column@=\count269
\maxfields@=\count270
\andhelp@=\toks20
\eqnshift@=\dimen143
\alignsep@=\dimen144
\tagshift@=\dimen145
\tagwidth@=\dimen146
\totwidth@=\dimen147
\lineht@=\dimen148
\@envbody=\toks21
\multlinegap=\skip50
\multlinetaggap=\skip51
\mathdisplay@stack=\toks22
LaTeX Info: Redefining \[ on input line 2923.
LaTeX Info: Redefining \] on input line 2924.
)
(C:\Users\kowal\AppData\Local\Programs\MiKTeX\tex/latex/amsfonts\amsfonts.sty
Package: amsfonts 2013/01/14 v3.01 Basic AMSFonts support
\symAMSa=\mathgroup4
\symAMSb=\mathgroup5
LaTeX Font Info:    Redeclaring math symbol \hbar on input line 98.
LaTeX Font Info:    Overwriting math alphabet `\mathfrak' in version `bold'
(Font)                  U/euf/m/n --> U/euf/b/n on input line 106.
)
(C:\Users\kowal\AppData\Local\Programs\MiKTeX\tex/latex/listings\listings.sty
(C:\Users\kowal\AppData\Local\Programs\MiKTeX\tex/latex/graphics\keyval.sty
Package: keyval 2014/10/28 v1.15 key=value parser (DPC)
\KV@toks@=\toks23
)
\lst@mode=\count271
\lst@gtempboxa=\box52
\lst@token=\toks24
\lst@length=\count272
\lst@currlwidth=\dimen149
\lst@column=\count273
\lst@pos=\count274
\lst@lostspace=\dimen150
\lst@width=\dimen151
\lst@newlines=\count275
\lst@lineno=\count276
\lst@maxwidth=\dimen152

(C:\Users\kowal\AppData\Local\Programs\MiKTeX\tex/latex/listings\lstmisc.sty
File: lstmisc.sty 2020/03/24 1.8d (Carsten Heinz)
\c@lstnumber=\count277
\lst@skipnumbers=\count278
\lst@framebox=\box53
)
(C:\Users\kowal\AppData\Local\Programs\MiKTeX\tex/latex/listings\listings.cfg
File: listings.cfg 2020/03/24 1.8d listings configuration
))
Package: listings 2020/03/24 1.8d (Carsten Heinz)
\c@twr=\count279

(C:\Users\kowal\AppData\Local\Programs\MiKTeX\tex/latex/pgf/frontendlayer\tikz.
sty
(C:\Users\kowal\AppData\Local\Programs\MiKTeX\tex/latex/pgf/basiclayer\pgf.sty
(C:\Users\kowal\AppData\Local\Programs\MiKTeX\tex/latex/pgf/utilities\pgfrcs.st
y
(C:\Users\kowal\AppData\Local\Programs\MiKTeX\tex/generic/pgf/utilities\pgfutil
-common.tex
\pgfutil@everybye=\toks25
\pgfutil@tempdima=\dimen153
\pgfutil@tempdimb=\dimen154

(C:\Users\kowal\AppData\Local\Programs\MiKTeX\tex/generic/pgf/utilities\pgfutil
-common-lists.tex))
(C:\Users\kowal\AppData\Local\Programs\MiKTeX\tex/generic/pgf/utilities\pgfutil
-latex.def
\pgfutil@abb=\box54
)
(C:\Users\kowal\AppData\Local\Programs\MiKTeX\tex/generic/pgf/utilities\pgfrcs.
code.tex
(C:\Users\kowal\AppData\Local\Programs\MiKTeX\tex/generic/pgf\pgf.revision.tex)
Package: pgfrcs 2021/05/15 v3.1.9a (3.1.9a)
))
Package: pgf 2021/05/15 v3.1.9a (3.1.9a)

(C:\Users\kowal\AppData\Local\Programs\MiKTeX\tex/latex/pgf/basiclayer\pgfcore.
sty
(C:\Users\kowal\AppData\Local\Programs\MiKTeX\tex/latex/graphics\graphicx.sty
Package: graphicx 2020/12/05 v1.2c Enhanced LaTeX Graphics (DPC,SPQR)

(C:\Users\kowal\AppData\Local\Programs\MiKTeX\tex/latex/graphics\graphics.sty
Package: graphics 2021/03/04 v1.4d Standard LaTeX Graphics (DPC,SPQR)

(C:\Users\kowal\AppData\Local\Programs\MiKTeX\tex/latex/graphics\trig.sty
Package: trig 2016/01/03 v1.10 sin cos tan (DPC)
)
(C:\Users\kowal\AppData\Local\Programs\MiKTeX\tex/latex/graphics-cfg\graphics.c
fg
File: graphics.cfg 2016/06/04 v1.11 sample graphics configuration
)
Package graphics Info: Driver file: pdftex.def on input line 107.

(C:\Users\kowal\AppData\Local\Programs\MiKTeX\tex/latex/graphics-def\pdftex.def
File: pdftex.def 2020/10/05 v1.2a Graphics/color driver for pdftex
))
\Gin@req@height=\dimen155
\Gin@req@width=\dimen156
)
(C:\Users\kowal\AppData\Local\Programs\MiKTeX\tex/latex/pgf/systemlayer\pgfsys.
sty
(C:\Users\kowal\AppData\Local\Programs\MiKTeX\tex/generic/pgf/systemlayer\pgfsy
s.code.tex
Package: pgfsys 2021/05/15 v3.1.9a (3.1.9a)

(C:\Users\kowal\AppData\Local\Programs\MiKTeX\tex/generic/pgf/utilities\pgfkeys
.code.tex
\pgfkeys@pathtoks=\toks26
\pgfkeys@temptoks=\toks27

(C:\Users\kowal\AppData\Local\Programs\MiKTeX\tex/generic/pgf/utilities\pgfkeys
filtered.code.tex
\pgfkeys@tmptoks=\toks28
))
\pgf@x=\dimen157
\pgf@y=\dimen158
\pgf@xa=\dimen159
\pgf@ya=\dimen160
\pgf@xb=\dimen161
\pgf@yb=\dimen162
\pgf@xc=\dimen163
\pgf@yc=\dimen164
\pgf@xd=\dimen165
\pgf@yd=\dimen166
\w@pgf@writea=\write4
\r@pgf@reada=\read3
\c@pgf@counta=\count280
\c@pgf@countb=\count281
\c@pgf@countc=\count282
\c@pgf@countd=\count283
\t@pgf@toka=\toks29
\t@pgf@tokb=\toks30
\t@pgf@tokc=\toks31
\pgf@sys@id@count=\count284

(C:\Users\kowal\AppData\Local\Programs\MiKTeX\tex/generic/pgf/systemlayer\pgf.c
fg
File: pgf.cfg 2021/05/15 v3.1.9a (3.1.9a)
)
Driver file for pgf: pgfsys-pdftex.def

(C:\Users\kowal\AppData\Local\Programs\MiKTeX\tex/generic/pgf/systemlayer\pgfsy
s-pdftex.def
File: pgfsys-pdftex.def 2021/05/15 v3.1.9a (3.1.9a)

(C:\Users\kowal\AppData\Local\Programs\MiKTeX\tex/generic/pgf/systemlayer\pgfsy
s-common-pdf.def
File: pgfsys-common-pdf.def 2021/05/15 v3.1.9a (3.1.9a)
)))
(C:\Users\kowal\AppData\Local\Programs\MiKTeX\tex/generic/pgf/systemlayer\pgfsy
ssoftpath.code.tex
File: pgfsyssoftpath.code.tex 2021/05/15 v3.1.9a (3.1.9a)
\pgfsyssoftpath@smallbuffer@items=\count285
\pgfsyssoftpath@bigbuffer@items=\count286
)
(C:\Users\kowal\AppData\Local\Programs\MiKTeX\tex/generic/pgf/systemlayer\pgfsy
sprotocol.code.tex
File: pgfsysprotocol.code.tex 2021/05/15 v3.1.9a (3.1.9a)
))
(C:\Users\kowal\AppData\Local\Programs\MiKTeX\tex/latex/xcolor\xcolor.sty
Package: xcolor 2016/05/11 v2.12 LaTeX color extensions (UK)

(C:\Users\kowal\AppData\Local\Programs\MiKTeX\tex/latex/graphics-cfg\color.cfg
File: color.cfg 2016/01/02 v1.6 sample color configuration
)
Package xcolor Info: Driver file: pdftex.def on input line 225.
Package xcolor Info: Model `cmy' substituted by `cmy0' on input line 1348.
Package xcolor Info: Model `hsb' substituted by `rgb' on input line 1352.
Package xcolor Info: Model `RGB' extended on input line 1364.
Package xcolor Info: Model `HTML' substituted by `rgb' on input line 1366.
Package xcolor Info: Model `Hsb' substituted by `hsb' on input line 1367.
Package xcolor Info: Model `tHsb' substituted by `hsb' on input line 1368.
Package xcolor Info: Model `HSB' substituted by `hsb' on input line 1369.
Package xcolor Info: Model `Gray' substituted by `gray' on input line 1370.
Package xcolor Info: Model `wave' substituted by `hsb' on input line 1371.
)
(C:\Users\kowal\AppData\Local\Programs\MiKTeX\tex/generic/pgf/basiclayer\pgfcor
e.code.tex
Package: pgfcore 2021/05/15 v3.1.9a (3.1.9a)

(C:\Users\kowal\AppData\Local\Programs\MiKTeX\tex/generic/pgf/math\pgfmath.code
.tex
(C:\Users\kowal\AppData\Local\Programs\MiKTeX\tex/generic/pgf/math\pgfmathcalc.
code.tex
(C:\Users\kowal\AppData\Local\Programs\MiKTeX\tex/generic/pgf/math\pgfmathutil.
code.tex)
(C:\Users\kowal\AppData\Local\Programs\MiKTeX\tex/generic/pgf/math\pgfmathparse
r.code.tex
\pgfmath@dimen=\dimen167
\pgfmath@count=\count287
\pgfmath@box=\box55
\pgfmath@toks=\toks32
\pgfmath@stack@operand=\toks33
\pgfmath@stack@operation=\toks34
)
(C:\Users\kowal\AppData\Local\Programs\MiKTeX\tex/generic/pgf/math\pgfmathfunct
ions.code.tex
(C:\Users\kowal\AppData\Local\Programs\MiKTeX\tex/generic/pgf/math\pgfmathfunct
ions.basic.code.tex)
(C:\Users\kowal\AppData\Local\Programs\MiKTeX\tex/generic/pgf/math\pgfmathfunct
ions.trigonometric.code.tex)
(C:\Users\kowal\AppData\Local\Programs\MiKTeX\tex/generic/pgf/math\pgfmathfunct
ions.random.code.tex)
(C:\Users\kowal\AppData\Local\Programs\MiKTeX\tex/generic/pgf/math\pgfmathfunct
ions.comparison.code.tex)
(C:\Users\kowal\AppData\Local\Programs\MiKTeX\tex/generic/pgf/math\pgfmathfunct
ions.base.code.tex)
(C:\Users\kowal\AppData\Local\Programs\MiKTeX\tex/generic/pgf/math\pgfmathfunct
ions.round.code.tex)
(C:\Users\kowal\AppData\Local\Programs\MiKTeX\tex/generic/pgf/math\pgfmathfunct
ions.misc.code.tex)
(C:\Users\kowal\AppData\Local\Programs\MiKTeX\tex/generic/pgf/math\pgfmathfunct
ions.integerarithmetics.code.tex)))
(C:\Users\kowal\AppData\Local\Programs\MiKTeX\tex/generic/pgf/math\pgfmathfloat
.code.tex
\c@pgfmathroundto@lastzeros=\count288
))
(C:\Users\kowal\AppData\Local\Programs\MiKTeX\tex/generic/pgf/math\pgfint.code.
tex)
(C:\Users\kowal\AppData\Local\Programs\MiKTeX\tex/generic/pgf/basiclayer\pgfcor
epoints.code.tex
File: pgfcorepoints.code.tex 2021/05/15 v3.1.9a (3.1.9a)
\pgf@picminx=\dimen168
\pgf@picmaxx=\dimen169
\pgf@picminy=\dimen170
\pgf@picmaxy=\dimen171
\pgf@pathminx=\dimen172
\pgf@pathmaxx=\dimen173
\pgf@pathminy=\dimen174
\pgf@pathmaxy=\dimen175
\pgf@xx=\dimen176
\pgf@xy=\dimen177
\pgf@yx=\dimen178
\pgf@yy=\dimen179
\pgf@zx=\dimen180
\pgf@zy=\dimen181
)
(C:\Users\kowal\AppData\Local\Programs\MiKTeX\tex/generic/pgf/basiclayer\pgfcor
epathconstruct.code.tex
File: pgfcorepathconstruct.code.tex 2021/05/15 v3.1.9a (3.1.9a)
\pgf@path@lastx=\dimen182
\pgf@path@lasty=\dimen183
)
(C:\Users\kowal\AppData\Local\Programs\MiKTeX\tex/generic/pgf/basiclayer\pgfcor
epathusage.code.tex
File: pgfcorepathusage.code.tex 2021/05/15 v3.1.9a (3.1.9a)
\pgf@shorten@end@additional=\dimen184
\pgf@shorten@start@additional=\dimen185
)
(C:\Users\kowal\AppData\Local\Programs\MiKTeX\tex/generic/pgf/basiclayer\pgfcor
escopes.code.tex
File: pgfcorescopes.code.tex 2021/05/15 v3.1.9a (3.1.9a)
\pgfpic=\box56
\pgf@hbox=\box57
\pgf@layerbox@main=\box58
\pgf@picture@serial@count=\count289
)
(C:\Users\kowal\AppData\Local\Programs\MiKTeX\tex/generic/pgf/basiclayer\pgfcor
egraphicstate.code.tex
File: pgfcoregraphicstate.code.tex 2021/05/15 v3.1.9a (3.1.9a)
\pgflinewidth=\dimen186
)
(C:\Users\kowal\AppData\Local\Programs\MiKTeX\tex/generic/pgf/basiclayer\pgfcor
etransformations.code.tex
File: pgfcoretransformations.code.tex 2021/05/15 v3.1.9a (3.1.9a)
\pgf@pt@x=\dimen187
\pgf@pt@y=\dimen188
\pgf@pt@temp=\dimen189
)
(C:\Users\kowal\AppData\Local\Programs\MiKTeX\tex/generic/pgf/basiclayer\pgfcor
equick.code.tex
File: pgfcorequick.code.tex 2021/05/15 v3.1.9a (3.1.9a)
)
(C:\Users\kowal\AppData\Local\Programs\MiKTeX\tex/generic/pgf/basiclayer\pgfcor
eobjects.code.tex
File: pgfcoreobjects.code.tex 2021/05/15 v3.1.9a (3.1.9a)
)
(C:\Users\kowal\AppData\Local\Programs\MiKTeX\tex/generic/pgf/basiclayer\pgfcor
epathprocessing.code.tex
File: pgfcorepathprocessing.code.tex 2021/05/15 v3.1.9a (3.1.9a)
)
(C:\Users\kowal\AppData\Local\Programs\MiKTeX\tex/generic/pgf/basiclayer\pgfcor
earrows.code.tex
File: pgfcorearrows.code.tex 2021/05/15 v3.1.9a (3.1.9a)
\pgfarrowsep=\dimen190
)
(C:\Users\kowal\AppData\Local\Programs\MiKTeX\tex/generic/pgf/basiclayer\pgfcor
eshade.code.tex
File: pgfcoreshade.code.tex 2021/05/15 v3.1.9a (3.1.9a)
\pgf@max=\dimen191
\pgf@sys@shading@range@num=\count290
\pgf@shadingcount=\count291
)
(C:\Users\kowal\AppData\Local\Programs\MiKTeX\tex/generic/pgf/basiclayer\pgfcor
eimage.code.tex
File: pgfcoreimage.code.tex 2021/05/15 v3.1.9a (3.1.9a)

(C:\Users\kowal\AppData\Local\Programs\MiKTeX\tex/generic/pgf/basiclayer\pgfcor
eexternal.code.tex
File: pgfcoreexternal.code.tex 2021/05/15 v3.1.9a (3.1.9a)
\pgfexternal@startupbox=\box59
))
(C:\Users\kowal\AppData\Local\Programs\MiKTeX\tex/generic/pgf/basiclayer\pgfcor
elayers.code.tex
File: pgfcorelayers.code.tex 2021/05/15 v3.1.9a (3.1.9a)
)
(C:\Users\kowal\AppData\Local\Programs\MiKTeX\tex/generic/pgf/basiclayer\pgfcor
etransparency.code.tex
File: pgfcoretransparency.code.tex 2021/05/15 v3.1.9a (3.1.9a)
)
(C:\Users\kowal\AppData\Local\Programs\MiKTeX\tex/generic/pgf/basiclayer\pgfcor
epatterns.code.tex
File: pgfcorepatterns.code.tex 2021/05/15 v3.1.9a (3.1.9a)
)
(C:\Users\kowal\AppData\Local\Programs\MiKTeX\tex/generic/pgf/basiclayer\pgfcor
erdf.code.tex
File: pgfcorerdf.code.tex 2021/05/15 v3.1.9a (3.1.9a)
)))
(C:\Users\kowal\AppData\Local\Programs\MiKTeX\tex/generic/pgf/modules\pgfmodule
shapes.code.tex
File: pgfmoduleshapes.code.tex 2021/05/15 v3.1.9a (3.1.9a)
\pgfnodeparttextbox=\box60
)
(C:\Users\kowal\AppData\Local\Programs\MiKTeX\tex/generic/pgf/modules\pgfmodule
plot.code.tex
File: pgfmoduleplot.code.tex 2021/05/15 v3.1.9a (3.1.9a)
)
(C:\Users\kowal\AppData\Local\Programs\MiKTeX\tex/latex/pgf/compatibility\pgfco
mp-version-0-65.sty
Package: pgfcomp-version-0-65 2021/05/15 v3.1.9a (3.1.9a)
\pgf@nodesepstart=\dimen192
\pgf@nodesepend=\dimen193
)
(C:\Users\kowal\AppData\Local\Programs\MiKTeX\tex/latex/pgf/compatibility\pgfco
mp-version-1-18.sty
Package: pgfcomp-version-1-18 2021/05/15 v3.1.9a (3.1.9a)
))
(C:\Users\kowal\AppData\Local\Programs\MiKTeX\tex/latex/pgf/utilities\pgffor.st
y
(C:\Users\kowal\AppData\Local\Programs\MiKTeX\tex/latex/pgf/utilities\pgfkeys.s
ty
(C:\Users\kowal\AppData\Local\Programs\MiKTeX\tex/generic/pgf/utilities\pgfkeys
.code.tex))
(C:\Users\kowal\AppData\Local\Programs\MiKTeX\tex/latex/pgf/math\pgfmath.sty
(C:\Users\kowal\AppData\Local\Programs\MiKTeX\tex/generic/pgf/math\pgfmath.code
.tex))
(C:\Users\kowal\AppData\Local\Programs\MiKTeX\tex/generic/pgf/utilities\pgffor.
code.tex
Package: pgffor 2021/05/15 v3.1.9a (3.1.9a)

(C:\Users\kowal\AppData\Local\Programs\MiKTeX\tex/generic/pgf/math\pgfmath.code
.tex)
\pgffor@iter=\dimen194
\pgffor@skip=\dimen195
\pgffor@stack=\toks35
\pgffor@toks=\toks36
))
(C:\Users\kowal\AppData\Local\Programs\MiKTeX\tex/generic/pgf/frontendlayer/tik
z\tikz.code.tex
Package: tikz 2021/05/15 v3.1.9a (3.1.9a)

(C:\Users\kowal\AppData\Local\Programs\MiKTeX\tex/generic/pgf/libraries\pgflibr
aryplothandlers.code.tex
File: pgflibraryplothandlers.code.tex 2021/05/15 v3.1.9a (3.1.9a)
\pgf@plot@mark@count=\count292
\pgfplotmarksize=\dimen196
)
\tikz@lastx=\dimen197
\tikz@lasty=\dimen198
\tikz@lastxsaved=\dimen199
\tikz@lastysaved=\dimen256
\tikz@lastmovetox=\dimen257
\tikz@lastmovetoy=\dimen258
\tikzleveldistance=\dimen259
\tikzsiblingdistance=\dimen260
\tikz@figbox=\box61
\tikz@figbox@bg=\box62
\tikz@tempbox=\box63
\tikz@tempbox@bg=\box64
\tikztreelevel=\count293
\tikznumberofchildren=\count294
\tikznumberofcurrentchild=\count295
\tikz@fig@count=\count296

(C:\Users\kowal\AppData\Local\Programs\MiKTeX\tex/generic/pgf/modules\pgfmodule
matrix.code.tex
File: pgfmodulematrix.code.tex 2021/05/15 v3.1.9a (3.1.9a)
\pgfmatrixcurrentrow=\count297
\pgfmatrixcurrentcolumn=\count298
\pgf@matrix@numberofcolumns=\count299
)
\tikz@expandcount=\count300

(C:\Users\kowal\AppData\Local\Programs\MiKTeX\tex/generic/pgf/frontendlayer/tik
z/libraries\tikzlibrarytopaths.code.tex
File: tikzlibrarytopaths.code.tex 2021/05/15 v3.1.9a (3.1.9a)
)))
(C:\Users\kowal\AppData\Local\Programs\MiKTeX\tex/latex/tools\array.sty
Package: array 2021/04/20 v2.5e Tabular extension package (FMi)
\col@sep=\dimen261
\ar@mcellbox=\box65
\extrarowheight=\dimen262
\NC@list=\toks37
\extratabsurround=\skip52
\backup@length=\skip53
\ar@cellbox=\box66
)
(C:\Users\kowal\AppData\Local\Programs\MiKTeX\tex/latex/algorithmicx\algorithmi
cx.sty
Package: algorithmicx 2005/04/27 v1.2 Algorithmicx
 (C:\Users\kowal\AppData\Local\Programs\MiKTeX\tex/latex/base\ifthen.sty
Package: ifthen 2020/11/24 v1.1c Standard LaTeX ifthen package (DPC)
)
Document Style algorithmicx 1.2 - a greatly improved `algorithmic' style
\c@ALG@line=\count301
\c@ALG@rem=\count302
\c@ALG@nested=\count303
\ALG@tlm=\skip54
\ALG@thistlm=\skip55
\c@ALG@Lnr=\count304
\c@ALG@blocknr=\count305
\c@ALG@storecount=\count306
\c@ALG@tmpcounter=\count307
\ALG@tmplength=\skip56
) (C:\Users\kowal\AppData\Local\Programs\MiKTeX\tex/latex/base\makeidx.sty
Package: makeidx 2014/09/29 v1.0m Standard LaTeX package
)
(C:\Users\kowal\AppData\Local\Programs\MiKTeX\tex/generic/pgf/frontendlayer/tik
z/libraries\tikzlibraryshapes.geometric.code.tex
File: tikzlibraryshapes.geometric.code.tex 2021/05/15 v3.1.9a (3.1.9a)

(C:\Users\kowal\AppData\Local\Programs\MiKTeX\tex/generic/pgf/libraries/shapes\
pgflibraryshapes.geometric.code.tex
File: pgflibraryshapes.geometric.code.tex 2021/05/15 v3.1.9a (3.1.9a)
))
(C:\Users\kowal\AppData\Local\Programs\MiKTeX\tex/generic/pgf/frontendlayer/tik
z/libraries\tikzlibraryarrows.code.tex
File: tikzlibraryarrows.code.tex 2021/05/15 v3.1.9a (3.1.9a)

(C:\Users\kowal\AppData\Local\Programs\MiKTeX\tex/generic/pgf/libraries\pgflibr
aryarrows.code.tex
File: pgflibraryarrows.code.tex 2021/05/15 v3.1.9a (3.1.9a)
\arrowsize=\dimen263
))
(C:\Users\kowal\AppData\Local\Programs\MiKTeX\tex/latex/l3backend\l3backend-pdf
tex.def
File: l3backend-pdftex.def 2021-10-12 L3 backend support: PDF output (pdfTeX)
\l__color_backend_stack_int=\count308
\l__pdf_internal_box=\box67
) (PracaInzynierks.aux

LaTeX Warning: Label `table:4_1' multiply defined.


LaTeX Warning: Label `table:nonlin' multiply defined.


LaTeX Warning: Label `fig:cspso' multiply defined.

)
\openout1 = `PracaInzynierks.aux'.

LaTeX Font Info:    Checking defaults for OML/cmm/m/it on input line 25.
LaTeX Font Info:    ... okay on input line 25.
LaTeX Font Info:    Checking defaults for OMS/cmsy/m/n on input line 25.
LaTeX Font Info:    ... okay on input line 25.
LaTeX Font Info:    Checking defaults for OT1/cmr/m/n on input line 25.
LaTeX Font Info:    ... okay on input line 25.
LaTeX Font Info:    Checking defaults for T1/cmr/m/n on input line 25.
LaTeX Font Info:    ... okay on input line 25.
LaTeX Font Info:    Checking defaults for TS1/cmr/m/n on input line 25.
LaTeX Font Info:    ... okay on input line 25.
LaTeX Font Info:    Checking defaults for OMX/cmex/m/n on input line 25.
LaTeX Font Info:    ... okay on input line 25.
LaTeX Font Info:    Checking defaults for U/cmr/m/n on input line 25.
LaTeX Font Info:    ... okay on input line 25.
LaTeX Font Info:    Checking defaults for OT4/cmr/m/n on input line 25.
LaTeX Font Info:    ... okay on input line 25.
\c@lstlisting=\count309

(C:\Users\kowal\AppData\Local\Programs\MiKTeX\tex/context/base/mkii\supp-pdf.mk
ii
[Loading MPS to PDF converter (version 2006.09.02).]
\scratchcounter=\count310
\scratchdimen=\dimen264
\scratchbox=\box68
\nofMPsegments=\count311
\nofMParguments=\count312
\everyMPshowfont=\toks38
\MPscratchCnt=\count313
\MPscratchDim=\dimen265
\MPnumerator=\count314
\makeMPintoPDFobject=\count315
\everyMPtoPDFconversion=\toks39
)
(C:\Users\kowal\AppData\Local\Programs\MiKTeX\tex/latex/epstopdf-pkg\epstopdf-b
ase.sty
Package: epstopdf-base 2020-01-24 v2.11 Base part for package epstopdf
Package epstopdf-base Info: Redefining graphics rule for `.eps' on input line 4
85.

(C:\Users\kowal\AppData\Local\Programs\MiKTeX\tex/latex/00miktex\epstopdf-sys.c
fg
File: epstopdf-sys.cfg 2021/03/18 v2.0 Configuration of epstopdf for MiKTeX
))
\@temphbadness=\count316
\@tempvbadness=\count317
\@temphfuzz=\skip57
\@temptextwidth=\skip58
\@temptextheight=\skip59
\@temptopmargin=\skip60
\@tempheadheight=\skip61
\@tempheadsep=\skip62
\@tempoddsidemargin=\skip63
\@tempevensidemargin=\skip64
LaTeX Font Info:    Trying to load font information for OML+plm on input line 2
6.
 (C:\Users\kowal\AppData\Local\Programs\MiKTeX\tex/latex/polski\omlplm.fd
File: omlplm.fd 2008/02/24 v1.2.1 Font defs for fonts PL (MW)
)
LaTeX Font Info:    Trying to load font information for OMS+plsy on input line 
26.

(C:\Users\kowal\AppData\Local\Programs\MiKTeX\tex/latex/polski\omsplsy.fd
File: omsplsy.fd 2008/02/24 v1.2.1 Font defs for fonts PL (MW)
)
LaTeX Font Info:    Trying to load font information for OMX+plex on input line 
26.

(C:\Users\kowal\AppData\Local\Programs\MiKTeX\tex/latex/polski\omxplex.fd
File: omxplex.fd 2008/02/24 v1.2.1 Font defs for fonts PL (MW)
)
LaTeX Font Info:    External font `plex10' loaded for size
(Font)              <12> on input line 26.
LaTeX Font Info:    External font `plex10' loaded for size
(Font)              <8> on input line 26.
LaTeX Font Info:    External font `plex10' loaded for size
(Font)              <6> on input line 26.
LaTeX Font Info:    Trying to load font information for U+msa on input line 26.


(C:\Users\kowal\AppData\Local\Programs\MiKTeX\tex/latex/amsfonts\umsa.fd
File: umsa.fd 2013/01/14 v3.01 AMS symbols A
)
LaTeX Font Info:    Trying to load font information for U+msb on input line 26.


(C:\Users\kowal\AppData\Local\Programs\MiKTeX\tex/latex/amsfonts\umsb.fd
File: umsb.fd 2013/01/14 v3.01 AMS symbols B
)
\@tempheightkier=\skip65
\@tempheighttkier=\skip66
\@tempheightspec=\skip67
\@tempheighttspec=\skip68

[1



{C:/Users/kowal/AppData/Local/MiKTeX/pdftex/config/pdftex.map}] [1]
(PracaInzynierks.toc [2


])
\tf@toc=\write5
\openout5 = `PracaInzynierks.toc'.

 [3]
Rozdzia\PlPrIeC {\l } 1.

Overfull \hbox (23.2329pt too wide) in paragraph at lines 46--47
\OT4/cmr/m/n/12 na temat implementacji algorytmów ewolucyjnych oraz filtrów cyf
rowych. Kolejnym elementem
 []


Overfull \hbox (2.997pt too wide) in paragraph at lines 46--47
\OT4/cmr/m/n/12 zrealizowane oraz w razie negatywnego wyniku, wprowadzenie popr
awek. Kolejnym etapem
 []

[4


]
Overfull \hbox (16.9031pt too wide) in paragraph at lines 54--55
\OT4/cmr/m/n/12 m.in. obliczenia na macierzach, operacje numeryczne, funkcje bª
¦dów itp. Dokumentacja
 []


Overfull \hbox (22.15375pt too wide) in paragraph at lines 56--57
\OT4/cmr/m/n/12 oraz pakietu NumPy umo»liwiaj¡cy tworzenie wizualizacji informa
cji w formie wykresów, 
 []


Overfull \hbox (5.79974pt too wide) in paragraph at lines 58--59
[]\OT4/cmr/m/n/12 App.diagrams.net - Narz¦dzie umo»liwiaj¡ce tworzenie wszelkie
go rodzaju schematów
 []


Overfull \hbox (20.15169pt too wide) in paragraph at lines 58--59
\OT4/cmr/m/n/12 blokowych, schematów Gantta pozwalaj¡cy na wizualizacj¦ dziaªan
ia pracy/ algorytmów
 []

[5] [6]
Rozdzia\PlPrIeC {\l } 2.
<image/Algorithms/Algorithm.jpg, id=35, 340.27126pt x 174.6525pt>
File: image/Algorithms/Algorithm.jpg Graphic file (type jpg)
<use image/Algorithms/Algorithm.jpg>
Package pdftex.def Info: image/Algorithms/Algorithm.jpg  used on input line 89.

(pdftex.def)             Requested size: 425.33801pt x 218.31508pt.

Overfull \hbox (29.69533pt too wide) in paragraph at lines 86--92
\OT4/cmr/m/n/12 wej±ciowymi i odpowiedzi¡ w postaci parametrów wyj±ciowych. Alg
orytm w du»ym uproszczeniu
 []

[7


 <./image/Algorithms/Algorithm.jpg>] [8]
Overfull \hbox (14.5705pt too wide) in paragraph at lines 125--127
\OT4/cmr/m/n/12 Graficzna prezentacja kolejnych etapów, umo»liwiaj¡cych precyzy
jne okre±lenie wykonywanie
 []

<image/table/table1.JPG, id=42, 646.66594pt x 510.40688pt>
File: image/table/table1.JPG Graphic file (type jpg)
<use image/table/table1.JPG>
Package pdftex.def Info: image/table/table1.JPG  used on input line 130.
(pdftex.def)             Requested size: 517.33345pt x 408.32605pt.

Overfull \hbox (62.08937pt too wide) in paragraph at lines 130--131
[][] 
 []

<image/Algorithms/NWDalgorithm.jpg, id=43, 317.68687pt x 377.15906pt>
File: image/Algorithms/NWDalgorithm.jpg Graphic file (type jpg)
<use image/Algorithms/NWDalgorithm.jpg>
Package pdftex.def Info: image/Algorithms/NWDalgorithm.jpg  used on input line 
135.
(pdftex.def)             Requested size: 444.75856pt x 528.01909pt.
[9 <./image/table/table1.JPG>] [10 <./image/Algorithms/NWDalgorithm.jpg>]
<image/code/code.png, id=50, 438.13687pt x 225.09094pt>
File: image/code/code.png Graphic file (type png)
<use image/code/code.png>
Package pdftex.def Info: image/code/code.png  used on input line 144.
(pdftex.def)             Requested size: 503.85347pt x 258.85255pt.

Overfull \hbox (48.60939pt too wide) in paragraph at lines 144--145
[][] 
 []

[11 <./image/code/code.png>]
Rozdzia\PlPrIeC {\l } 3.
<image/rodzfiltrow.jpg, id=56, 546.54187pt x 461.47406pt>
File: image/rodzfiltrow.jpg Graphic file (type jpg)
<use image/rodzfiltrow.jpg>
Package pdftex.def Info: image/rodzfiltrow.jpg  used on input line 155.
(pdftex.def)             Requested size: 409.9054pt x 346.10468pt.
[12


 <./image/rodzfiltrow.jpg>]
Overfull \hbox (7.14418pt too wide) in paragraph at lines 163--164
[]\OT4/cmr/m/n/12 Charakterystyka ±rodkowozaporowa - Filtr "usuwa" cz¦stotliwo±
ci w zadanym pa±mie,
 []

<image/schemat_filtruJPG.JPG, id=61, 363.60844pt x 76.78688pt>
File: image/schemat_filtruJPG.JPG Graphic file (type jpg)
<use image/schemat_filtruJPG.JPG>
Package pdftex.def Info: image/schemat_filtruJPG.JPG  used on input line 168.
(pdftex.def)             Requested size: 363.60754pt x 76.78668pt.
<image/fir.png, id=62, 446.41782pt x 131.74219pt>
File: image/fir.png Graphic file (type png)
<use image/fir.png>
Package pdftex.def Info: image/fir.png  used on input line 191.
(pdftex.def)             Requested size: 491.06111pt x 144.91684pt.

Overfull \hbox (35.81703pt too wide) in paragraph at lines 191--192
[][] 
 []

[13 <./image/schemat_filtruJPG.JPG> <./image/fir.png>]
<image/firobliczenia.png, id=66, 354.57469pt x 357.58594pt>
File: image/firobliczenia.png Graphic file (type png)
<use image/firobliczenia.png>
Package pdftex.def Info: image/firobliczenia.png  used on input line 197.
(pdftex.def)             Requested size: 443.21727pt x 446.98131pt.
 [14 <./image/firobliczenia.png>] [15]
Rozdzia\PlPrIeC {\l } 4.

Overfull \hbox (8.75967pt too wide) in paragraph at lines 239--240
[]\OT4/cmr/bx/n/12 Gen \OT4/cmr/m/n/12 - Najmniejsza jednostka algorytmu ewoluc
yjnego. Jest cech¡, cz¡stk¡ rozwi¡zania 
 []


Overfull \hbox (12.07468pt too wide) in paragraph at lines 258--259
\OT4/cmr/m/n/12 specjaln¡ funkcj¦ klasyfikuj¡c¡ (fitness function), zdefiniowan
¡ na etapie projektowania
 []


Overfull \hbox (6.00261pt too wide) in paragraph at lines 258--259
\OT4/cmr/m/n/12 odbiega od rozwi¡zania optymalnego. Z tego wynika, »e warto±¢ i
dealnego rozwi¡zania
 []


Underfull \hbox (badness 10000) in paragraph at lines 258--259

 []

[16


]
Overfull \hbox (39.29106pt too wide) in paragraph at lines 262--263
[]\OT4/cmr/m/n/12 Kolejnym krokiem jest zostaª speªnieny warunek dotycz¡cy maks
ymalnej ilo±ci cykli(iteracji)
 []


Overfull \hbox (7.6032pt too wide) in paragraph at lines 262--263
\OT4/cmr/m/n/12 lub przystosowania najlepszego osobnika w obr¦bie caªego dost¦p
nego zbioru populacji 
 []


Overfull \hbox (34.13417pt too wide) in paragraph at lines 265--266
[]\OT4/cmr/m/n/12 Wytworzenie nowej populacji osobników b¦d¡ce skutkiem wykonan
ia operacji genetycznych 
 []


Overfull \hbox (23.88983pt too wide) in paragraph at lines 272--273
\OT4/cmr/m/n/12 podgrup dokonuje selekcji najlepszego osobnika z punktu widzeni
a funkcji przystosowania 
 []


Overfull \hbox (0.88419pt too wide) in paragraph at lines 273--274
[]\OT4/cmr/bx/n/12 Strategia elitarna \OT4/cmr/m/n/12 - Osobniki o najlepszej w
arto±ci funkcji przystosowania z punktu
 []

<image/Algorithms/ae.png, id=82, 466.74374pt x 510.40688pt>
File: image/Algorithms/ae.png Graphic file (type png)
<use image/Algorithms/ae.png>
Package pdftex.def Info: image/Algorithms/ae.png  used on input line 280.
(pdftex.def)             Requested size: 373.3955pt x 408.32605pt.

LaTeX Warning: `h' float specifier changed to `ht'.

[17]
Overfull \hbox (29.12862pt too wide) in paragraph at lines 288--289
[]\OT4/cmr/bx/n/12 Ewolucja obliczeniowa \OT4/cmr/m/n/12 - zastosowanie strateg
ii ewolucyjnych, algorytmów genetycznych 
 []


Overfull \hbox (38.01537pt too wide) in paragraph at lines 295--296
[]\OT4/cmr/bx/n/12 Rozprzestrzenianie si¦ \OT4/cmr/m/n/12 - Zdolno±¢ do rozpros
zenia stada, celem zarz¡dzania odlegªo±ciami
 []


Overfull \hbox (22.01547pt too wide) in paragraph at lines 296--297
[]\OT4/cmr/bx/n/12 Orientacja \OT4/cmr/m/n/12 - Mozliwo±¢ znajdowania ustalonyc
h miejsc, regionów punktów w przestrzeni
 []

[18 <./image/Algorithms/ae.png>]
Overfull \hbox (21.92522pt too wide) in paragraph at lines 302--303
[]\OT4/cmr/bx/n/12 Stabilno±¢ \OT4/cmr/m/n/12 - Populacja powinna by¢ odporna n
a pewne bod¹ce (nie zmienia¢ zachowania
 []


Overfull \hbox (0.53783pt too wide) in paragraph at lines 305--306
[]\OT4/cmr/bx/n/12 Blisko±¢ \OT4/cmr/m/n/12 - Rój powinien by¢ przechowywany w 
strukturze danych, która nie wymaga
 []

[19]
<image/schematy/PSO.png, id=94, 595.22375pt x 811.03pt>
File: image/schematy/PSO.png Graphic file (type png)
<use image/schematy/PSO.png>
Package pdftex.def Info: image/schematy/PSO.png  used on input line 322.
(pdftex.def)             Requested size: 309.51813pt x 421.73802pt.
 [20 <./image/schematy/PSO.png>]
<image/schematy/CSPSO.png, id=99, 550.055pt x 959.585pt>
File: image/schematy/CSPSO.png Graphic file (type png)
<use image/schematy/CSPSO.png>
Package pdftex.def Info: image/schematy/CSPSO.png  used on input line 353.
(pdftex.def)             Requested size: 286.03024pt x 498.98708pt.


LaTeX Warning: `!h' float specifier changed to `!ht'.

LaTeX Font Info:    External font `plex10' loaded for size
(Font)              <14.4> on input line 378.
LaTeX Font Info:    External font `plex10' loaded for size
(Font)              <10> on input line 378.
LaTeX Font Info:    External font `plex10' loaded for size
(Font)              <7> on input line 378.
[21] [22 <./image/schematy/CSPSO.png>]
Rozdzia\PlPrIeC {\l } 5.
(C:\Users\kowal\AppData\Local\Programs\MiKTeX\tex/latex/listings\lstlang1.sty
File: lstlang1.sty 2020/03/24 1.8d listings language file
)
[23


]
Overfull \hbox (59.40503pt too wide) in paragraph at lines 444--445
[][][][][][][][][][][][][][][][][][][][] 
 []


Overfull \hbox (38.25507pt too wide) in paragraph at lines 449--450
[][][][][][][][][][][][][][][][][][][][][][][][][][][][][][][] 
 []


Overfull \hbox (187.47955pt too wide) in paragraph at lines 459--460
[][][][][][][][][][][][][][][][][][][][][][][] 
 []


Overfull \hbox (215.6795pt too wide) in paragraph at lines 460--461
[][][][][][][][][][][][][][][][][][][][][][][][][][] 
 []


Overfull \hbox (265.02942pt too wide) in paragraph at lines 465--466
[][][][][][][][][][][][][][][][][][][][][][][][][][][][][][][][][][][][] 
 []


Overfull \hbox (250.92944pt too wide) in paragraph at lines 469--470
[][][][][][][][][][][][][][][][][][][][][][][][][][][][][][][][][][][][][][] 
 []

[24]
Overfull \hbox (102.8797pt too wide) in paragraph at lines 479--480
[][][][][][][][][][][][][][][][][][][][][][][][][][][] 
 []


Overfull \hbox (30.94098pt too wide) in paragraph at lines 516--517
[][][][][][][][][][][][][][][][][][] 
 []

LaTeX Font Info:    Trying to load font information for OMS+cmr on input line 5
20.
(C:\Users\kowal\AppData\Local\Programs\MiKTeX\tex/latex/base\omscmr.fd
File: omscmr.fd 2019/12/16 v2.5j Standard LaTeX font definitions
)
LaTeX Font Info:    Font shape `OMS/cmr/m/n' in size <10.95> not available
(Font)              Font shape `OMS/cmsy/m/n' tried instead on input line 520.

[25]
Overfull \hbox (11.23077pt too wide) in paragraph at lines 534--535
[][][][][][][][][][][][][][][][][][] 
 []

LaTeX Font Info:    Trying to load font information for OML+cmr on input line 5
37.
(C:\Users\kowal\AppData\Local\Programs\MiKTeX\tex/latex/base\omlcmr.fd
File: omlcmr.fd 2019/12/16 v2.5j Standard LaTeX font definitions
)
LaTeX Font Info:    Font shape `OML/cmr/m/n' in size <10.95> not available
(Font)              Font shape `OML/cmm/m/it' tried instead on input line 537.

[26]
Overfull \hbox (59.40503pt too wide) in paragraph at lines 577--578
[][][][][][][][][][][][][][][][][][][][] 
 []


Overfull \hbox (38.25507pt too wide) in paragraph at lines 582--583
[][][][][][][][][][][][][][][][][][][][][][][][][][][][][][][] 
 []

[27]
Overfull \hbox (187.47955pt too wide) in paragraph at lines 592--593
[][][][][][][][][][][][][][][][][][][][][][][] 
 []


Overfull \hbox (215.6795pt too wide) in paragraph at lines 593--594
[][][][][][][][][][][][][][][][][][][][][][][][][][] 
 []


Overfull \hbox (265.02942pt too wide) in paragraph at lines 598--599
[][][][][][][][][][][][][][][][][][][][][][][][][][][][][][][][][][][][] 
 []


Overfull \hbox (250.92944pt too wide) in paragraph at lines 602--603
[][][][][][][][][][][][][][][][][][][][][][][][][][][][][][][][][][][][][][] 
 []


Overfull \hbox (102.8797pt too wide) in paragraph at lines 612--613
[][][][][][][][][][][][][][][][][][][][][][][][][][][] 
 []

[28]
Overfull \hbox (17.1051pt too wide) in paragraph at lines 626--627
[][][][][][][][][][][][][][][][][][][][][][][][][][][][][] 
 []


Overfull \hbox (186.30481pt too wide) in paragraph at lines 627--628
[][][][][][][][][][][][][][][][][][][][][][][][][][][][][][][][][][] 
 []


Overfull \hbox (151.05487pt too wide) in paragraph at lines 629--630
[][][][][][][][][][][][][][][][][][][][][][][][] 
 []


Overfull \hbox (31.20508pt too wide) in paragraph at lines 642--643
[][][][][][][][][][][][][][][][][][][][][][][][][][][][][] 
 []


Overfull \hbox (17.1051pt too wide) in paragraph at lines 643--644
[][][][][][][][][][][][][][][][][][][][][][][][][][] 
 []


Overfull \hbox (80.555pt too wide) in paragraph at lines 645--646
[][][][][][][][][][][][][][][][][][][][][][][][][][][][][][][] 
 []


Overfull \hbox (24.15509pt too wide) in paragraph at lines 646--647
[][][][][][][][][][][][][][][][][][][][][][][][][][][] 
 []


Overfull \hbox (3.00513pt too wide) in paragraph at lines 647--648
[][][][][][][][][][][][][][][][][][][][][][] 
 []


Overfull \hbox (59.40503pt too wide) in paragraph at lines 648--649
[][][][][][][][][][][][][][][][][][][][][][][][][][][][][][] 
 []

[29]
Overfull \hbox (158.10486pt too wide) in paragraph at lines 667--668
[][][][][][][][][][][][][][][][][][][][][][][] 
 []


Overfull \hbox (186.30481pt too wide) in paragraph at lines 668--669
[][][][][][][][][][][][][][][][][][][][][][][][][][] 
 []

LaTeX Font Info:    Font shape `OMS/cmr/m/n' in size <12> not available
(Font)              Font shape `OMS/cmsy/m/n' tried instead on input line 669.

LaTeX Warning: Reference `uk1' on page 30 undefined on input line 676.


Overfull \hbox (144.00488pt too wide) in paragraph at lines 679--680
[][][][][][][][][][][][][][][][][][][][][][][][][][][][][][][][] 
 []


Overfull \hbox (221.55475pt too wide) in paragraph at lines 680--681
[][][][][][][][][][][][][][][][][][][][][][][][][][][][][][][][][][][][][][][][
][][][] 
 []

[30]
Rozdzia\PlPrIeC {\l } 6.
[31


] [32


]
! Undefined control sequence.
l.697 \bibtem
             {bib_element1}
The control sequence at the end of the top line
of your error message was never \def'ed. If you have
misspelled it (e.g., `\hobx'), type `I' and the correct
spelling (e.g., `I\hbox'). Otherwise just continue,
and I'll forget about whatever was undefined.

! Missing $ inserted.
<inserted text> 
                $
l.697 \bibtem{bib_
                  element1}
I've inserted a begin-math/end-math symbol since I think
you left one out. Proceed, with fingers crossed.

! Extra }, or forgotten $.
l.697 \bibtem{bib_element1}
                           
I've deleted a group-closing symbol because it seems to be
spurious, as in `$x}$'. But perhaps the } is legitimate and
you forgot something else, as in `\hbox{$x}'. In such cases
the way to recover is to insert both the forgotten and the
deleted material, e.g., by typing `I$}'.


LaTeX Warning: Empty `thebibliography' environment on input line 698.


! LaTeX Error: Command \end{thebibliography} invalid in math mode.

See the LaTeX manual or LaTeX Companion for explanation.
Type  H <return>  for immediate help.
 ...                                              
                                                  
l.698 \end{thebibliography}
                           
Try typing  <return>  to proceed.
If that doesn't work, type  X <return>  to quit.


LaTeX Warning: Empty `thebibliography' environment on input line 698.


LaTeX Warning: Empty `thebibliography' environment on input line 698.

! Missing $ inserted.
<inserted text> 
                $
l.698 \end{thebibliography}
                           
I've inserted something that you may have forgotten.
(See the <inserted text> above.)
With luck, this will get me unwedged. But if you
really didn't forget anything, try typing `2' now; then
my insertion and my current dilemma will both disappear.

! Missing } inserted.
<inserted text> 
                }
l.698 \end{thebibliography}
                           
I've inserted something that you may have forgotten.
(See the <inserted text> above.)
With luck, this will get me unwedged. But if you
really didn't forget anything, try typing `2' now; then
my insertion and my current dilemma will both disappear.

[33


] (PracaInzynierks.lot)
\tf@lot=\write6
\openout6 = `PracaInzynierks.lot'.

 [34


] (PracaInzynierks.lof
Overfull \hbox (25.06073pt too wide) in paragraph at lines 15--15
 [][] []\OT4/cmr/m/n/12 Schemat blokowy algorytmu CSPSO(Cuckoo Search Particle 
Swarm Optimization) [][]  
 []

)
\tf@lof=\write7
\openout7 = `PracaInzynierks.lof'.

 [35


] (PracaInzynierks.aux)

LaTeX Warning: There were undefined references.


LaTeX Warning: There were multiply-defined labels.

 ) 
Here is how much of TeX's memory you used:
 17136 strings out of 478927
 334303 string characters out of 2852534
 849686 words of memory out of 3000000
 34657 multiletter control sequences out of 15000+600000
 420091 words of font info for 74 fonts, out of 8000000 for 9000
 1141 hyphenation exceptions out of 8191
 102i,15n,108p,1130b,1802s stack positions out of 5000i,500n,10000p,200000b,80000s
{C:/Users/kowal/AppData/Local/Programs/MiKTeX/fonts/enc/dvips/pl/plrm.enc}{C:
/Users/kowal/AppData/Local/Programs/MiKTeX/fonts/enc/dvips/pl/plmi.enc}{C:/User
s/kowal/AppData/Local/Programs/MiKTeX/fonts/enc/dvips/pl/plms.enc}{C:/Users/kow
al/AppData/Local/Programs/MiKTeX/fonts/enc/dvips/pl/plme.enc} <C:\Users\kowal\A
ppData\Local\MiKTeX\fonts/pk/ljfour/jknappen/ec/dpi600\tcrm1200.pk>{C:/Users/ko
wal/AppData/Local/Programs/MiKTeX/fonts/enc/dvips/pl/plsc.enc}<C:/Users/kowal/A
ppData/Local/Programs/MiKTeX/fonts/type1/public/amsfonts/cm/cmmi10.pfb><C:/User
s/kowal/AppData/Local/Programs/MiKTeX/fonts/type1/public/amsfonts/cm/cmsy10.pfb
><C:/Users/kowal/AppData/Local/Programs/MiKTeX/fonts/type1/public/amsfonts/symb
ols/msbm10.pfb><C:/Users/kowal/AppData/Local/Programs/MiKTeX/fonts/type1/public
/pl/plbx10.pfb><C:/Users/kowal/AppData/Local/Programs/MiKTeX/fonts/type1/public
/pl/plbx12.pfb><C:/Users/kowal/AppData/Local/Programs/MiKTeX/fonts/type1/public
/pl/plcsc10.pfb><C:/Users/kowal/AppData/Local/Programs/MiKTeX/fonts/type1/publi
c/pl/plex10.pfb><C:/Users/kowal/AppData/Local/Programs/MiKTeX/fonts/type1/publi
c/pl/plmi10.pfb><C:/Users/kowal/AppData/Local/Programs/MiKTeX/fonts/type1/publi
c/pl/plmi12.pfb><C:/Users/kowal/AppData/Local/Programs/MiKTeX/fonts/type1/publi
c/pl/plmi6.pfb><C:/Users/kowal/AppData/Local/Programs/MiKTeX/fonts/type1/public
/pl/plmi8.pfb><C:/Users/kowal/AppData/Local/Programs/MiKTeX/fonts/type1/public/
pl/plr10.pfb><C:/Users/kowal/AppData/Local/Programs/MiKTeX/fonts/type1/public/p
l/plr12.pfb><C:/Users/kowal/AppData/Local/Programs/MiKTeX/fonts/type1/public/pl
/plr17.pfb><C:/Users/kowal/AppData/Local/Programs/MiKTeX/fonts/type1/public/pl/
plr8.pfb><C:/Users/kowal/AppData/Local/Programs/MiKTeX/fonts/type1/public/pl/pl
sy10.pfb><C:/Users/kowal/AppData/Local/Programs/MiKTeX/fonts/type1/public/pl/pl
sy8.pfb>
Output written on PracaInzynierks.pdf (36 pages, 688409 bytes).
PDF statistics:
 233 PDF objects out of 1000 (max. 8388607)
 0 named destinations out of 1000 (max. 500000)
 68 words of extra memory for PDF output out of 10000 (max. 10000000)

